C51 COMPILER V9.00   SERIAL                                                                11/24/2018 16:29:12 PAGE 1   


C51 COMPILER V9.00, COMPILATION OF MODULE SERIAL
OBJECT MODULE PLACED IN Serial.OBJ
COMPILER INVOKED BY: C:\Keil_v5\C51\BIN\C51.EXE Serial.c OPTIMIZE(8,SPEED) BROWSE DEBUG OBJECTEXTEND TABS(2)

line level    source

   1          #include "reg51.h"
   2          #include "intrins.h"
   3          
   4          #define FOSC            24000000
   5          #define BRT             (65536 - FOSC / 115200 / 4)
   6          
   7          sfr     AUXR        =   0x8e;
   8          sfr     T2H         =   0xd6;
   9          sfr     T2L         =   0xd7;
  10          
  11          bit busy;
  12          char wptr;
  13          char rptr;
  14          char buffer[16];
  15          
  16          void UartIsr() interrupt 4 using 1
  17          {
  18   1          if (TI)
  19   1          {
  20   2              TI = 0;
  21   2              busy = 0;
  22   2          }
  23   1          if (RI)
  24   1          {
  25   2              RI = 0;
  26   2              buffer[wptr++] = SBUF;
  27   2              wptr &= 0x0f;
  28   2          }
  29   1      }
  30          
  31          void UartInit()
  32          {
  33   1          SCON = 0x50;
  34   1          T2L = BRT;
  35   1          T2H = BRT >> 8;
  36   1          AUXR = 0x15;
  37   1          wptr = 0x00;
  38   1          rptr = 0x00;
  39   1          busy = 0;
  40   1      }
  41          
  42          void UartSend(char dat)
  43          {
  44   1          while (busy);
  45   1          busy = 1;
  46   1          SBUF = dat;
  47   1      }
  48          
  49          void UartSendStr(char *p)
  50          {
  51   1          while (*p)
  52   1          {
  53   2              UartSend(*p++);
  54   2          }
  55   1      }
C51 COMPILER V9.00   SERIAL                                                                11/24/2018 16:29:12 PAGE 2   

  56          
  57          void main()
  58          {
  59   1          UartInit();
  60   1          ES = 1;
  61   1          EA = 1;
  62   1         
  63   1          while (1)
  64   1          { 
  65   2            
  66   2            
  67   2            UartSendStr("Uart Test !\r\n");
  68   2      
  69   2      //        if (rptr != wptr)
  70   2      //        {
  71   2      //            UartSend(buffer[rptr++]);
  72   2      //            rptr &= 0x0f;
  73   2      //        }
  74   2          }
  75   1      }
  76          


MODULE INFORMATION:   STATIC OVERLAYABLE
   CODE SIZE        =    120    ----
   CONSTANT SIZE    =     14    ----
   XDATA SIZE       =   ----    ----
   PDATA SIZE       =   ----    ----
   DATA SIZE        =     18       3
   IDATA SIZE       =   ----    ----
   BIT SIZE         =      1    ----
END OF MODULE INFORMATION.


C51 COMPILATION COMPLETE.  0 WARNING(S),  0 ERROR(S)
