C51 COMPILER V9.59.0.0   D                                                                 11/25/2018 14:56:11 PAGE 1   


C51 COMPILER V9.59.0.0, COMPILATION OF MODULE D
OBJECT MODULE PLACED IN d.OBJ
COMPILER INVOKED BY: C:\Keil_v5\C51\BIN\C51.EXE d.c OPTIMIZE(8,SPEED) BROWSE DEBUG OBJECTEXTEND TABS(2)

line level    source

   1          #include "reg51.h"
   2          #include "intrins.h"
   3          
   4          /////////////////PWM////////////////
   5          sfr     P_SW2       =   0xba;
   6          sfr     PWMCFG      =   0xf1;
   7          sfr     PWMIF       =   0xf6;
   8          sfr     PWMFDCR     =   0xf7;
   9          sfr     PWMCR       =   0xfe;
  10          //system time clock div
  11          #define CLKDIV          (*(unsigned char volatile xdata *)0xfe01)
  12          #define PWMC            (*(unsigned int volatile xdata *)0xfff0)
  13          #define PWMCKS          (*(unsigned char volatile xdata *)0xfff2)
  14          #define TADCP           (*(unsigned int volatile xdata *)0xfff3)
  15          #define PWM0T1          (*(unsigned int volatile xdata *)0xff00)
  16          #define PWM0T2          (*(unsigned int volatile xdata *)0xff02)
  17          #define PWM0CR          (*(unsigned char volatile xdata *)0xff04)
  18          /////////////AD/////////////////////////////
  19          sfr     ADC_CONTR   =   0xbc;
  20          sfr     ADC_RES     =   0xbd;
  21          sfr     ADC_RESL    =   0xbe;
  22          sfr     ADCCFG      =   0xde;
  23          
  24          sfr     P1M0        =   0x92;
  25          sfr     P1M1        =   0x91;
  26          /////////////Serial/////////////////////////////
  27          #define FOSC            24000000/2
  28          #define BRT             (65536 - FOSC / 115200 / 4)
  29          
  30          sfr     AUXR        =   0x8e;
  31          sfr     T2H         =   0xd6;
  32          sfr     T2L         =   0xd7;
  33          
  34          bit busy;
  35          char wptr;
  36          char rptr;
  37          char buffer[16];
  38          
  39          void UartIsr() interrupt 4 using 1
  40          {
  41   1          if (TI)
  42   1          {
  43   2              TI = 0;
  44   2              busy = 0;
  45   2          }
  46   1          if (RI)
  47   1          {
  48   2              RI = 0;
  49   2              buffer[wptr++] = SBUF;
  50   2              wptr &= 0x0f;
  51   2          }
  52   1      }
  53          
  54          void UartInit()
  55          {
C51 COMPILER V9.59.0.0   D                                                                 11/25/2018 14:56:11 PAGE 2   

  56   1          SCON = 0x50;
  57   1          T2L = BRT;
  58   1          T2H = BRT >> 8;
  59   1          AUXR = 0x15;
  60   1          wptr = 0x00;
  61   1          rptr = 0x00;
  62   1          busy = 0;
  63   1      }
  64          
  65          void UartSend(char  dat)
  66          {
  67   1          while (busy);
  68   1          busy = 1;
  69   1          SBUF = dat;
  70   1      }
  71          
  72          void UartSendStr(char *p)
  73          {
  74   1          while (*p)
  75   1          {
  76   2              UartSend(*p++);
  77   2          }
  78   1      }
  79          
  80          void PWM(int value)
  81          {
  82   1          //////////////////////////PWM////////////
  83   1          P_SW2 = 0x80;
  84   1          CLKDIV=0x02;
  85   1          PWMCKS = 0x0F;                              // PWM时钟为系统时钟
  86   1          PWMC = 0x7fff;                              //设置PWM周期为32767H个PWM时钟
  87   1          PWM0T1= 0x0000;                             //在计数值为000H地方输出低电平
  88   1          PWM0T2= 0x7000;                             //在计数值为PWM0T2地方输出高电平,数值越小高电平时间越长
  89   1          PWM0CR= 0x80;                               //使能PWM0输出
  90   1          P_SW2 = 0x00;
  91   1      
  92   1          PWMCR = 0x80;                               //启动PWM模块
  93   1      }
*** WARNING C280 IN LINE 80 OF d.c: 'value': unreferenced local variable
  94          
  95          void main()
  96          {
  97   1          P1M0 = 0x00;                                //设置P1.0为ADC口
  98   1          P1M1 = 0x01;
  99   1          ADCCFG = 0x07;                              //设置ADC时钟为系统时钟/2/16/16
 100   1          ADC_CONTR = 0x80;                           //使能ADC模块
 101   1      
 102   1          UartInit();
 103   1          ES = 1;
 104   1          EA = 1;
 105   1          PWM(1);
 106   1         UartSendStr("hello");
 107   1          while (1)
 108   1          {
 109   2              int res=0;
 110   2              ADC_CONTR |= 0x40;                      //启动AD转换
 111   2              _nop_();
 112   2              _nop_();
 113   2              while (!(ADC_CONTR & 0x20));            //查询ADC完成标志
 114   2              ADC_CONTR &= ~0x20;                     //清完成标志
 115   2              res = ADC_RES;
 116   2              res <<= 8;
C51 COMPILER V9.59.0.0   D                                                                 11/25/2018 14:56:11 PAGE 3   

 117   2              res |= ADC_RESL;
 118   2              UartSend(ADC_RES);
 119   2            
 120   2             
 121   2             UartSend(ADC_RESL);
 122   2              //UartSendStr("hello");
 123   2              //UartSendStr((int)res+"");
 124   2            
 125   2          }
 126   1      }
 127          


MODULE INFORMATION:   STATIC OVERLAYABLE
   CODE SIZE        =    240    ----
   CONSTANT SIZE    =      6    ----
   XDATA SIZE       =   ----    ----
   PDATA SIZE       =   ----    ----
   DATA SIZE        =     18       7
   IDATA SIZE       =   ----    ----
   BIT SIZE         =      1    ----
END OF MODULE INFORMATION.


C51 COMPILATION COMPLETE.  1 WARNING(S),  0 ERROR(S)
